9/24/2020 9:01:29 PM | 
9/24/2020 9:01:29 PM | 
Message : Object reference not set to an instance of an object.
9/24/2020 9:01:29 PM | 
LastTrace : openElement.WebSite.WorkingSystem.SoloWork.DirectoryPageReloading(FilesMap listDatFile, Boolean light, LinksMap linksMap)
9/24/2020 9:01:29 PM | 
Params : 
9/24/2020 9:01:29 PM | 
MethodeName : Void DirectoryPageReloading(openElement.WebSite.SiteMap.FilesMap, Boolean, openElement.WebElement.LinksManager.LinksMap)
9/24/2020 9:01:29 PM | 
Stamp : 9/24/2020 9:01:29 PM
9/24/2020 9:01:29 PM | 
OSFullName : Microsoft Windows 7 Ultimate 
9/24/2020 9:01:29 PM | 
AvailablePhysicalMemory : 5.82 Go 
9/24/2020 9:01:29 PM | 
TotalPhysicalMemory : 8 Go 
9/24/2020 9:01:29 PM | 
AvailableVirtualMemory : 2.84 Go 
9/24/2020 9:01:29 PM | 
TotalVirtualMemory : 4 Go 
9/24/2020 9:01:29 PM | 
WorkingSet : 472.29 Mo 
9/24/2020 9:01:29 PM | 
PagedMemorySize : 402.6 Mo 
9/24/2020 9:01:29 PM | 
TotalMemory : 89.32 Mo 
9/24/2020 9:01:29 PM | 

9/24/2020 9:01:29 PM | 
ExTrace : 
9/24/2020 9:01:29 PM | 
at openElement.WebSite.WorkingSystem.SoloWork.DirectoryPageReloading(FilesMap listDatFile, Boolean light, LinksMap linksMap) in C:\Users\Win7Dev64\Source\Workspaces\openElement\App\openElement\Class\WebSite\WorkingSystem\SoloWork.Upload.vb:line 20
9/24/2020 9:01:29 PM | 
at openElement.WebSite.WorkingSystem.SoloWork._CompleteUpload(ActionArg`1 actionArg) in C:\Users\Win7Dev64\Source\Workspaces\openElement\App\openElement\Class\WebSite\WorkingSystem\SoloWork.Upload.vb:line 117
9/24/2020 9:01:29 PM | 
at openElement.WebSite.WorkingSystem.SoloWork._Lambda$__R3-1(ActionArg a0)
9/24/2020 9:01:29 PM | 
at openElement.Wait.RunFunction[TResult](FuncWait`1 action, ActionArg param, String text1, String text2, WaitIconType iconType) in C:\Users\Win7Dev64\Source\Workspaces\openElement\App\openElement\Class\Common\Wait.vb:line 199
9/24/2020 9:01:29 PM | 

9/24/2020 9:01:29 PM | 
OETrace : 
9/24/2020 9:01:29 PM | 
at openElement.Wait.RunFunction[TResult](FuncWait`1 action, ActionArg param, String text1, String text2, WaitIconType iconType) in C:\Users\Win7Dev64\Source\Workspaces\openElement\App\openElement\Class\Common\Wait.vb:line 201
9/24/2020 9:01:29 PM | 
at openElement.WebSite.WorkingSystem.SoloWork.CompleteUpload(List`1 listPath) in C:\Users\Win7Dev64\Source\Workspaces\openElement\App\openElement\Class\WebSite\WorkingSystem\SoloWork.Upload.vb:line 52
9/24/2020 9:01:29 PM | 
at openElement.WebSite.WorkingSystem.Working_System.CompleteUpload() in C:\Users\Win7Dev64\Source\Workspaces\openElement\App\openElement\Class\WebSite\WorkingSystem\WorkingSystem.vb:line 759
9/24/2020 9:01:29 PM | 
at openElement.WebSite.WorkingSystem.SoloWork.CompleteUpload() in C:\Users\Win7Dev64\Source\Workspaces\openElement\App\openElement\Class\WebSite\WorkingSystem\SoloWork.Upload.vb:line 42
9/24/2020 9:01:29 PM | 
at openElement.WebSite.UIAction.Upload.CompleteUpload() in C:\Users\Win7Dev64\Source\Workspaces\openElement\App\openElement\Class\WebSite\UIAction\Upload.vb:line 362
9/24/2020 9:01:29 PM | 
at openElement.Forms.RibbonCore.RPProject.RPGPublication.BBIProjetLocalPublication_ItemClick(Object sender, ItemClickEventArgs e) in C:\Users\Win7Dev64\Source\Workspaces\openElement\App\openElement\Form\Main\RibbonItemCore\Project\RPGPublication.vb:line 62
9/24/2020 9:01:29 PM | 
at openElement.My.MyApplication.Main(String[] Args) in :line 82
9/24/2020 9:01:29 PM | 

9/24/2020 9:01:29 PM | 
------------------
9/24/2020 9:01:49 PM | 
9/24/2020 9:01:49 PM | 
Message : Object reference not set to an instance of an object.
9/24/2020 9:01:49 PM | 
LastTrace : openElement.WebSite.WorkingSystem.SoloWork.DirectoryPageReloading(FilesMap listDatFile, Boolean light, LinksMap linksMap)
9/24/2020 9:01:49 PM | 
Params : 
9/24/2020 9:01:49 PM | 
MethodeName : Void DirectoryPageReloading(openElement.WebSite.SiteMap.FilesMap, Boolean, openElement.WebElement.LinksManager.LinksMap)
9/24/2020 9:01:49 PM | 
Stamp : 9/24/2020 9:01:49 PM
9/24/2020 9:01:49 PM | 
OSFullName : Microsoft Windows 7 Ultimate 
9/24/2020 9:01:49 PM | 
AvailablePhysicalMemory : 5.82 Go 
9/24/2020 9:01:49 PM | 
TotalPhysicalMemory : 8 Go 
9/24/2020 9:01:49 PM | 
AvailableVirtualMemory : 2.83 Go 
9/24/2020 9:01:49 PM | 
TotalVirtualMemory : 4 Go 
9/24/2020 9:01:49 PM | 
WorkingSet : 474.22 Mo 
9/24/2020 9:01:49 PM | 
PagedMemorySize : 405.01 Mo 
9/24/2020 9:01:49 PM | 
TotalMemory : 78.98 Mo 
9/24/2020 9:01:49 PM | 

9/24/2020 9:01:49 PM | 
ExTrace : 
9/24/2020 9:01:49 PM | 
at openElement.WebSite.WorkingSystem.SoloWork.DirectoryPageReloading(FilesMap listDatFile, Boolean light, LinksMap linksMap) in C:\Users\Win7Dev64\Source\Workspaces\openElement\App\openElement\Class\WebSite\WorkingSystem\SoloWork.Upload.vb:line 20
9/24/2020 9:01:49 PM | 
at openElement.WebSite.WorkingSystem.SoloWork._CompleteUpload(ActionArg`1 actionArg) in C:\Users\Win7Dev64\Source\Workspaces\openElement\App\openElement\Class\WebSite\WorkingSystem\SoloWork.Upload.vb:line 117
9/24/2020 9:01:49 PM | 
at openElement.WebSite.WorkingSystem.SoloWork._Lambda$__R3-1(ActionArg a0)
9/24/2020 9:01:49 PM | 
at openElement.Wait.RunFunction[TResult](FuncWait`1 action, ActionArg param, String text1, String text2, WaitIconType iconType) in C:\Users\Win7Dev64\Source\Workspaces\openElement\App\openElement\Class\Common\Wait.vb:line 199
9/24/2020 9:01:49 PM | 

9/24/2020 9:01:49 PM | 
OETrace : 
9/24/2020 9:01:49 PM | 
at openElement.Wait.RunFunction[TResult](FuncWait`1 action, ActionArg param, String text1, String text2, WaitIconType iconType) in C:\Users\Win7Dev64\Source\Workspaces\openElement\App\openElement\Class\Common\Wait.vb:line 201
9/24/2020 9:01:49 PM | 
at openElement.WebSite.WorkingSystem.SoloWork.CompleteUpload(List`1 listPath) in C:\Users\Win7Dev64\Source\Workspaces\openElement\App\openElement\Class\WebSite\WorkingSystem\SoloWork.Upload.vb:line 52
9/24/2020 9:01:49 PM | 
at openElement.WebSite.WorkingSystem.Working_System.CompleteUpload() in C:\Users\Win7Dev64\Source\Workspaces\openElement\App\openElement\Class\WebSite\WorkingSystem\WorkingSystem.vb:line 759
9/24/2020 9:01:49 PM | 
at openElement.WebSite.WorkingSystem.SoloWork.CompleteUpload() in C:\Users\Win7Dev64\Source\Workspaces\openElement\App\openElement\Class\WebSite\WorkingSystem\SoloWork.Upload.vb:line 42
9/24/2020 9:01:49 PM | 
at openElement.WebSite.UIAction.Upload.CompleteUpload() in C:\Users\Win7Dev64\Source\Workspaces\openElement\App\openElement\Class\WebSite\UIAction\Upload.vb:line 362
9/24/2020 9:01:49 PM | 
at openElement.Forms.RibbonCore.RPProject.RPGPublication.BBIProjetLocalPublication_ItemClick(Object sender, ItemClickEventArgs e) in C:\Users\Win7Dev64\Source\Workspaces\openElement\App\openElement\Form\Main\RibbonItemCore\Project\RPGPublication.vb:line 62
9/24/2020 9:01:49 PM | 
at openElement.My.MyApplication.Main(String[] Args) in :line 82
9/24/2020 9:01:49 PM | 

9/24/2020 9:01:49 PM | 
------------------
9/24/2020 9:03:37 PM | 
9/24/2020 9:03:37 PM | 
Message : Object reference not set to an instance of an object.
9/24/2020 9:03:37 PM | 
LastTrace : openElement.WebSite.WorkingSystem.SoloWork.DirectoryPageReloading(FilesMap listDatFile, Boolean light, LinksMap linksMap)
9/24/2020 9:03:37 PM | 
Params : 
9/24/2020 9:03:37 PM | 
MethodeName : Void DirectoryPageReloading(openElement.WebSite.SiteMap.FilesMap, Boolean, openElement.WebElement.LinksManager.LinksMap)
9/24/2020 9:03:37 PM | 
Stamp : 9/24/2020 9:03:37 PM
9/24/2020 9:03:37 PM | 
OSFullName : Microsoft Windows 7 Ultimate 
9/24/2020 9:03:37 PM | 
AvailablePhysicalMemory : 5.8 Go 
9/24/2020 9:03:37 PM | 
TotalPhysicalMemory : 8 Go 
9/24/2020 9:03:37 PM | 
AvailableVirtualMemory : 2.83 Go 
9/24/2020 9:03:37 PM | 
TotalVirtualMemory : 4 Go 
9/24/2020 9:03:37 PM | 
WorkingSet : 480.62 Mo 
9/24/2020 9:03:37 PM | 
PagedMemorySize : 429.42 Mo 
9/24/2020 9:03:37 PM | 
TotalMemory : 79.89 Mo 
9/24/2020 9:03:37 PM | 

9/24/2020 9:03:37 PM | 
ExTrace : 
9/24/2020 9:03:37 PM | 
at openElement.WebSite.WorkingSystem.SoloWork.DirectoryPageReloading(FilesMap listDatFile, Boolean light, LinksMap linksMap) in C:\Users\Win7Dev64\Source\Workspaces\openElement\App\openElement\Class\WebSite\WorkingSystem\SoloWork.Upload.vb:line 20
9/24/2020 9:03:37 PM | 
at openElement.WebSite.WorkingSystem.SoloWork._CompleteUpload(ActionArg`1 actionArg) in C:\Users\Win7Dev64\Source\Workspaces\openElement\App\openElement\Class\WebSite\WorkingSystem\SoloWork.Upload.vb:line 117
9/24/2020 9:03:37 PM | 
at openElement.WebSite.WorkingSystem.SoloWork._Lambda$__R3-1(ActionArg a0)
9/24/2020 9:03:37 PM | 
at openElement.Wait.RunFunction[TResult](FuncWait`1 action, ActionArg param, String text1, String text2, WaitIconType iconType) in C:\Users\Win7Dev64\Source\Workspaces\openElement\App\openElement\Class\Common\Wait.vb:line 199
9/24/2020 9:03:37 PM | 

9/24/2020 9:03:37 PM | 
OETrace : 
9/24/2020 9:03:37 PM | 
at openElement.Wait.RunFunction[TResult](FuncWait`1 action, ActionArg param, String text1, String text2, WaitIconType iconType) in C:\Users\Win7Dev64\Source\Workspaces\openElement\App\openElement\Class\Common\Wait.vb:line 201
9/24/2020 9:03:37 PM | 
at openElement.WebSite.WorkingSystem.SoloWork.CompleteUpload(List`1 listPath) in C:\Users\Win7Dev64\Source\Workspaces\openElement\App\openElement\Class\WebSite\WorkingSystem\SoloWork.Upload.vb:line 52
9/24/2020 9:03:37 PM | 
at openElement.WebSite.WorkingSystem.Working_System.CompleteUpload() in C:\Users\Win7Dev64\Source\Workspaces\openElement\App\openElement\Class\WebSite\WorkingSystem\WorkingSystem.vb:line 759
9/24/2020 9:03:37 PM | 
at openElement.WebSite.WorkingSystem.SoloWork.CompleteUpload() in C:\Users\Win7Dev64\Source\Workspaces\openElement\App\openElement\Class\WebSite\WorkingSystem\SoloWork.Upload.vb:line 42
9/24/2020 9:03:37 PM | 
at openElement.WebSite.UIAction.Upload.CompleteUpload() in C:\Users\Win7Dev64\Source\Workspaces\openElement\App\openElement\Class\WebSite\UIAction\Upload.vb:line 362
9/24/2020 9:03:37 PM | 
at openElement.Forms.RibbonCore.RPProject.RPGPublication.BBIProjetLocalPublication_ItemClick(Object sender, ItemClickEventArgs e) in C:\Users\Win7Dev64\Source\Workspaces\openElement\App\openElement\Form\Main\RibbonItemCore\Project\RPGPublication.vb:line 62
9/24/2020 9:03:37 PM | 
at openElement.My.MyApplication.Main(String[] Args) in :line 82
9/24/2020 9:03:37 PM | 

9/24/2020 9:03:37 PM | 
------------------
9/24/2020 9:05:27 PM | 
9/24/2020 9:05:27 PM | 
Message : Object reference not set to an instance of an object.
9/24/2020 9:05:27 PM | 
LastTrace : openElement.WebSite.WorkingSystem.SoloWork.DirectoryPageReloading(FilesMap listDatFile, Boolean light, LinksMap linksMap)
9/24/2020 9:05:27 PM | 
Params : 
9/24/2020 9:05:27 PM | 
MethodeName : Void DirectoryPageReloading(openElement.WebSite.SiteMap.FilesMap, Boolean, openElement.WebElement.LinksManager.LinksMap)
9/24/2020 9:05:27 PM | 
Stamp : 9/24/2020 9:05:27 PM
9/24/2020 9:05:27 PM | 
OSFullName : Microsoft Windows 7 Ultimate 
9/24/2020 9:05:27 PM | 
AvailablePhysicalMemory : 5.76 Go 
9/24/2020 9:05:27 PM | 
TotalPhysicalMemory : 8 Go 
9/24/2020 9:05:27 PM | 
AvailableVirtualMemory : 2.81 Go 
9/24/2020 9:05:27 PM | 
TotalVirtualMemory : 4 Go 
9/24/2020 9:05:27 PM | 
WorkingSet : 508.92 Mo 
9/24/2020 9:05:27 PM | 
PagedMemorySize : 437.29 Mo 
9/24/2020 9:05:27 PM | 
TotalMemory : 111.77 Mo 
9/24/2020 9:05:27 PM | 

9/24/2020 9:05:27 PM | 
ExTrace : 
9/24/2020 9:05:27 PM | 
at openElement.WebSite.WorkingSystem.SoloWork.DirectoryPageReloading(FilesMap listDatFile, Boolean light, LinksMap linksMap) in C:\Users\Win7Dev64\Source\Workspaces\openElement\App\openElement\Class\WebSite\WorkingSystem\SoloWork.Upload.vb:line 20
9/24/2020 9:05:27 PM | 
at openElement.WebSite.WorkingSystem.SoloWork._CompleteUpload(ActionArg`1 actionArg) in C:\Users\Win7Dev64\Source\Workspaces\openElement\App\openElement\Class\WebSite\WorkingSystem\SoloWork.Upload.vb:line 117
9/24/2020 9:05:27 PM | 
at openElement.WebSite.WorkingSystem.SoloWork._Lambda$__R3-1(ActionArg a0)
9/24/2020 9:05:27 PM | 
at openElement.Wait.RunFunction[TResult](FuncWait`1 action, ActionArg param, String text1, String text2, WaitIconType iconType) in C:\Users\Win7Dev64\Source\Workspaces\openElement\App\openElement\Class\Common\Wait.vb:line 199
9/24/2020 9:05:27 PM | 

9/24/2020 9:05:27 PM | 
OETrace : 
9/24/2020 9:05:27 PM | 
at openElement.Wait.RunFunction[TResult](FuncWait`1 action, ActionArg param, String text1, String text2, WaitIconType iconType) in C:\Users\Win7Dev64\Source\Workspaces\openElement\App\openElement\Class\Common\Wait.vb:line 201
9/24/2020 9:05:27 PM | 
at openElement.WebSite.WorkingSystem.SoloWork.CompleteUpload(List`1 listPath) in C:\Users\Win7Dev64\Source\Workspaces\openElement\App\openElement\Class\WebSite\WorkingSystem\SoloWork.Upload.vb:line 52
9/24/2020 9:05:27 PM | 
at openElement.WebSite.WorkingSystem.Working_System.CompleteUpload() in C:\Users\Win7Dev64\Source\Workspaces\openElement\App\openElement\Class\WebSite\WorkingSystem\WorkingSystem.vb:line 759
9/24/2020 9:05:27 PM | 
at openElement.WebSite.WorkingSystem.SoloWork.CompleteUpload() in C:\Users\Win7Dev64\Source\Workspaces\openElement\App\openElement\Class\WebSite\WorkingSystem\SoloWork.Upload.vb:line 42
9/24/2020 9:05:27 PM | 
at openElement.WebSite.UIAction.Upload.CompleteUpload() in C:\Users\Win7Dev64\Source\Workspaces\openElement\App\openElement\Class\WebSite\UIAction\Upload.vb:line 362
9/24/2020 9:05:27 PM | 
at openElement.Forms.RibbonCore.RPProject.RPGPublication.BBIProjetLocalPublication_ItemClick(Object sender, ItemClickEventArgs e) in C:\Users\Win7Dev64\Source\Workspaces\openElement\App\openElement\Form\Main\RibbonItemCore\Project\RPGPublication.vb:line 62
9/24/2020 9:05:27 PM | 
at openElement.My.MyApplication.Main(String[] Args) in :line 82
9/24/2020 9:05:27 PM | 

9/24/2020 9:05:27 PM | 
------------------
