12/9/2020 3:47:34 PM | 
12/9/2020 3:47:34 PM | 
Message : Value cannot be null.
12/9/2020 3:47:34 PM | 
Parameter name: key
12/9/2020 3:47:34 PM | 
LastTrace : openElement.Tools.Picture.CloseBitmap(ElementBase element)
12/9/2020 3:47:34 PM | 
Params : 
12/9/2020 3:47:34 PM | 
MethodeName : Int32 FindEntry(TKey)
12/9/2020 3:47:34 PM | 
Stamp : 12/9/2020 3:47:34 PM
12/9/2020 3:47:34 PM | 
OSFullName : Microsoft Windows 7 Ultimate 
12/9/2020 3:47:34 PM | 
AvailablePhysicalMemory : 5.66 Go 
12/9/2020 3:47:34 PM | 
TotalPhysicalMemory : 8 Go 
12/9/2020 3:47:34 PM | 
AvailableVirtualMemory : 2.94 Go 
12/9/2020 3:47:34 PM | 
TotalVirtualMemory : 4 Go 
12/9/2020 3:47:34 PM | 
WorkingSet : 382.54 Mo 
12/9/2020 3:47:34 PM | 
PagedMemorySize : 327.89 Mo 
12/9/2020 3:47:34 PM | 
TotalMemory : 72.45 Mo 
12/9/2020 3:47:34 PM | 

12/9/2020 3:47:34 PM | 
ExTrace : 
12/9/2020 3:47:34 PM | 
at openElement.Tools.Picture.CloseBitmap(ElementBase element) in C:\Users\Win7Dev64\Source\Workspaces\openElement\App\openElement\Tools\ToolsPicture.vb:line 197
12/9/2020 3:47:34 PM | 
at openElement.WebElement.Elements.ElementBase.RenderBefore() in C:\Users\Win7Dev64\Source\Workspaces\openElement\App\openElement\WebElement\Elements\ElementBase.Render.vb:line 32
12/9/2020 3:47:34 PM | 
at openElement.WebElement.Elements.ElementZonables.OnPageBeforeRender(EnuTypeRenderMode mode) in C:\Users\Win7Dev64\Source\Workspaces\openElement\App\openElement\WebElement\Elements\ElementZonables.vb:line 117
12/9/2020 3:47:34 PM | 
at openElement.Elements.PageXbody.OnPageBeforeRender(EnuTypeRenderMode mode) in C:\Users\Win7Dev64\Source\Workspaces\openElement\App\openElement\WebElement\Page\PageXbody.vb:line 346
12/9/2020 3:47:34 PM | 
at openElement.WebElement.Page.Render(EnuTypeRenderMode mode, EnuIncludeCssType includeCss, Int32 count) in C:\Users\Win7Dev64\Source\Workspaces\openElement\App\openElement\WebElement\Page\PageRender.vb:line 95
12/9/2020 3:47:34 PM | 

12/9/2020 3:47:34 PM | 
OETrace : 
12/9/2020 3:47:34 PM | 
at openElement.WebElement.Page.Render(EnuTypeRenderMode mode, EnuIncludeCssType includeCss, Int32 count) in C:\Users\Win7Dev64\Source\Workspaces\openElement\App\openElement\WebElement\Page\PageRender.vb:line 103
12/9/2020 3:47:34 PM | 
at openElement.WebElement.Page.RenderToFile(String filePath, EnuTypeRenderMode mode, EnuIncludeCssType includeCss, Int32 count) in C:\Users\Win7Dev64\Source\Workspaces\openElement\App\openElement\WebElement\Page\PageRender.vb:line 24
12/9/2020 3:47:34 PM | 
at openElement.Forms.FrmPageEdit.LoadEditor() in C:\Users\Win7Dev64\Source\Workspaces\openElement\App\openElement\Form\Page\FrmPageEdit.vb:line 525
12/9/2020 3:47:34 PM | 
at openElement.Forms.FrmPageEdit.ReloadEditor(EnuEditorType editType) in C:\Users\Win7Dev64\Source\Workspaces\openElement\App\openElement\Form\Page\FrmPageEdit.vb:line 440
12/9/2020 3:47:34 PM | 
at openElement.Forms.FrmPageEdit.ReloadCurrentEditor() in C:\Users\Win7Dev64\Source\Workspaces\openElement\App\openElement\Form\Page\FrmPageEdit.vb:line 414
12/9/2020 3:47:34 PM | 
at openElement.Forms.FrmPageEdit.UpdateMediaEdit() in C:\Users\Win7Dev64\Source\Workspaces\openElement\App\openElement\Form\Page\FrmPageEdit.vb:line 146
12/9/2020 3:47:34 PM | 
at openElement.WebElement.StylesManager.StylesUtils.UILoadCurrentStyles() in C:\Users\Win7Dev64\Source\Workspaces\openElement\App\openElement\WebElement\StylesManager\StylesUtils.vb:line 827
12/9/2020 3:47:34 PM | 
at openElement.Forms.RibbonCore.RPPage.PMMediaQueries.MenuItemDown(Object sender, ItemClickEventArgs e) in C:\Users\Win7Dev64\Source\Workspaces\openElement\App\openElement\Form\Main\RibbonItemCore\Page\PM\PMMediaQueries.vb:line 72
12/9/2020 3:47:34 PM | 
at openElement.My.MyApplication.Main(String[] Args) in :line 82
12/9/2020 3:47:34 PM | 

12/9/2020 3:47:34 PM | 
------------------
12/9/2020 3:47:34 PM | 
12/9/2020 3:47:34 PM | 
Message : Value cannot be null.
12/9/2020 3:47:34 PM | 
Parameter name: key
12/9/2020 3:47:34 PM | 
LastTrace : openElement.Tools.Picture.CloseBitmap(ElementBase element)
12/9/2020 3:47:34 PM | 
Params : 
12/9/2020 3:47:34 PM | 
MethodeName : Int32 FindEntry(TKey)
12/9/2020 3:47:34 PM | 
Stamp : 12/9/2020 3:47:34 PM
12/9/2020 3:47:34 PM | 
OSFullName : Microsoft Windows 7 Ultimate 
12/9/2020 3:47:34 PM | 
AvailablePhysicalMemory : 5.66 Go 
12/9/2020 3:47:34 PM | 
TotalPhysicalMemory : 8 Go 
12/9/2020 3:47:34 PM | 
AvailableVirtualMemory : 2.94 Go 
12/9/2020 3:47:34 PM | 
TotalVirtualMemory : 4 Go 
12/9/2020 3:47:34 PM | 
WorkingSet : 382.24 Mo 
12/9/2020 3:47:34 PM | 
PagedMemorySize : 327.57 Mo 
12/9/2020 3:47:34 PM | 
TotalMemory : 71 Mo 
12/9/2020 3:47:34 PM | 

12/9/2020 3:47:34 PM | 
ExTrace : 
12/9/2020 3:47:34 PM | 
at openElement.Tools.Picture.CloseBitmap(ElementBase element) in C:\Users\Win7Dev64\Source\Workspaces\openElement\App\openElement\Tools\ToolsPicture.vb:line 197
12/9/2020 3:47:34 PM | 
at openElement.WebElement.Elements.ElementBase.RenderBefore() in C:\Users\Win7Dev64\Source\Workspaces\openElement\App\openElement\WebElement\Elements\ElementBase.Render.vb:line 32
12/9/2020 3:47:34 PM | 
at openElement.WebElement.Elements.ElementBase.OnPageBeforeRender(EnuTypeRenderMode mode) in C:\Users\Win7Dev64\Source\Workspaces\openElement\App\openElement\WebElement\Elements\ElementBase.Overridable.vb:line 20
12/9/2020 3:47:34 PM | 
at openElement.WebElement.Page.Render(EnuTypeRenderMode mode, EnuIncludeCssType includeCss, Int32 count) in C:\Users\Win7Dev64\Source\Workspaces\openElement\App\openElement\WebElement\Page\PageRender.vb:line 95
12/9/2020 3:47:34 PM | 

12/9/2020 3:47:34 PM | 
OETrace : 
12/9/2020 3:47:34 PM | 
at openElement.WebElement.Page.Render(EnuTypeRenderMode mode, EnuIncludeCssType includeCss, Int32 count) in C:\Users\Win7Dev64\Source\Workspaces\openElement\App\openElement\WebElement\Page\PageRender.vb:line 103
12/9/2020 3:47:34 PM | 
at openElement.WebElement.Page.RenderToFile(String filePath, EnuTypeRenderMode mode, EnuIncludeCssType includeCss, Int32 count) in C:\Users\Win7Dev64\Source\Workspaces\openElement\App\openElement\WebElement\Page\PageRender.vb:line 24
12/9/2020 3:47:34 PM | 
at openElement.Forms.FrmPageEdit.LoadEditor() in C:\Users\Win7Dev64\Source\Workspaces\openElement\App\openElement\Form\Page\FrmPageEdit.vb:line 525
12/9/2020 3:47:34 PM | 
at openElement.Forms.FrmPageEdit.ReloadEditor(EnuEditorType editType) in C:\Users\Win7Dev64\Source\Workspaces\openElement\App\openElement\Form\Page\FrmPageEdit.vb:line 440
12/9/2020 3:47:34 PM | 
at openElement.Forms.FrmPageEdit.ReloadCurrentEditor() in C:\Users\Win7Dev64\Source\Workspaces\openElement\App\openElement\Form\Page\FrmPageEdit.vb:line 414
12/9/2020 3:47:34 PM | 
at openElement.Forms.FrmPageEdit.UpdateMediaEdit() in C:\Users\Win7Dev64\Source\Workspaces\openElement\App\openElement\Form\Page\FrmPageEdit.vb:line 146
12/9/2020 3:47:34 PM | 
at openElement.WebElement.StylesManager.StylesUtils.UILoadCurrentStyles() in C:\Users\Win7Dev64\Source\Workspaces\openElement\App\openElement\WebElement\StylesManager\StylesUtils.vb:line 827
12/9/2020 3:47:34 PM | 
at openElement.Forms.RibbonCore.RPPage.PMMediaQueries.MenuItemDown(Object sender, ItemClickEventArgs e) in C:\Users\Win7Dev64\Source\Workspaces\openElement\App\openElement\Form\Main\RibbonItemCore\Page\PM\PMMediaQueries.vb:line 72
12/9/2020 3:47:34 PM | 
at openElement.My.MyApplication.Main(String[] Args) in :line 82
12/9/2020 3:47:34 PM | 

12/9/2020 3:47:34 PM | 
------------------
12/9/2020 3:47:34 PM | 
12/9/2020 3:47:34 PM | 
Message : Value cannot be null.
12/9/2020 3:47:34 PM | 
Parameter name: key
12/9/2020 3:47:34 PM | 
LastTrace : openElement.Tools.Picture.CloseBitmap(ElementBase element)
12/9/2020 3:47:34 PM | 
Params : 
12/9/2020 3:47:34 PM | 
MethodeName : Int32 FindEntry(TKey)
12/9/2020 3:47:34 PM | 
Stamp : 12/9/2020 3:47:34 PM
12/9/2020 3:47:34 PM | 
OSFullName : Microsoft Windows 7 Ultimate 
12/9/2020 3:47:34 PM | 
AvailablePhysicalMemory : 5.66 Go 
12/9/2020 3:47:34 PM | 
TotalPhysicalMemory : 8 Go 
12/9/2020 3:47:34 PM | 
AvailableVirtualMemory : 2.94 Go 
12/9/2020 3:47:34 PM | 
TotalVirtualMemory : 4 Go 
12/9/2020 3:47:34 PM | 
WorkingSet : 382.61 Mo 
12/9/2020 3:47:34 PM | 
PagedMemorySize : 327.94 Mo 
12/9/2020 3:47:34 PM | 
TotalMemory : 71.46 Mo 
12/9/2020 3:47:34 PM | 

12/9/2020 3:47:34 PM | 
ExTrace : 
12/9/2020 3:47:34 PM | 
at openElement.Tools.Picture.CloseBitmap(ElementBase element) in C:\Users\Win7Dev64\Source\Workspaces\openElement\App\openElement\Tools\ToolsPicture.vb:line 197
12/9/2020 3:47:34 PM | 
at openElement.WebElement.Elements.ElementBase.RenderBefore() in C:\Users\Win7Dev64\Source\Workspaces\openElement\App\openElement\WebElement\Elements\ElementBase.Render.vb:line 32
12/9/2020 3:47:34 PM | 
at WebElement.Elements.Interactivity.WEScriptHidden.OnPageBeforeRender(EnuTypeRenderMode mode) in C:\Users\Win7Dev64\Source\Workspaces\openElement\App\Elements\WECommon\Interactivity\WEScriptHidden.vb:line 105
12/9/2020 3:47:34 PM | 
at openElement.WebElement.Page.Render(EnuTypeRenderMode mode, EnuIncludeCssType includeCss, Int32 count) in C:\Users\Win7Dev64\Source\Workspaces\openElement\App\openElement\WebElement\Page\PageRender.vb:line 95
12/9/2020 3:47:34 PM | 

12/9/2020 3:47:34 PM | 
OETrace : 
12/9/2020 3:47:34 PM | 
at openElement.WebElement.Page.Render(EnuTypeRenderMode mode, EnuIncludeCssType includeCss, Int32 count) in C:\Users\Win7Dev64\Source\Workspaces\openElement\App\openElement\WebElement\Page\PageRender.vb:line 103
12/9/2020 3:47:34 PM | 
at openElement.WebElement.Page.RenderToFile(String filePath, EnuTypeRenderMode mode, EnuIncludeCssType includeCss, Int32 count) in C:\Users\Win7Dev64\Source\Workspaces\openElement\App\openElement\WebElement\Page\PageRender.vb:line 24
12/9/2020 3:47:34 PM | 
at openElement.Forms.FrmPageEdit.LoadEditor() in C:\Users\Win7Dev64\Source\Workspaces\openElement\App\openElement\Form\Page\FrmPageEdit.vb:line 525
12/9/2020 3:47:34 PM | 
at openElement.Forms.FrmPageEdit.ReloadEditor(EnuEditorType editType) in C:\Users\Win7Dev64\Source\Workspaces\openElement\App\openElement\Form\Page\FrmPageEdit.vb:line 440
12/9/2020 3:47:34 PM | 
at openElement.Forms.FrmPageEdit.ReloadCurrentEditor() in C:\Users\Win7Dev64\Source\Workspaces\openElement\App\openElement\Form\Page\FrmPageEdit.vb:line 414
12/9/2020 3:47:34 PM | 
at openElement.Forms.FrmPageEdit.UpdateMediaEdit() in C:\Users\Win7Dev64\Source\Workspaces\openElement\App\openElement\Form\Page\FrmPageEdit.vb:line 146
12/9/2020 3:47:34 PM | 
at openElement.WebElement.StylesManager.StylesUtils.UILoadCurrentStyles() in C:\Users\Win7Dev64\Source\Workspaces\openElement\App\openElement\WebElement\StylesManager\StylesUtils.vb:line 827
12/9/2020 3:47:34 PM | 
at openElement.Forms.RibbonCore.RPPage.PMMediaQueries.MenuItemDown(Object sender, ItemClickEventArgs e) in C:\Users\Win7Dev64\Source\Workspaces\openElement\App\openElement\Form\Main\RibbonItemCore\Page\PM\PMMediaQueries.vb:line 72
12/9/2020 3:47:34 PM | 
at openElement.My.MyApplication.Main(String[] Args) in :line 82
12/9/2020 3:47:34 PM | 

12/9/2020 3:47:34 PM | 
------------------
12/9/2020 3:47:34 PM | 
12/9/2020 3:47:34 PM | 
Message : Value cannot be null.
12/9/2020 3:47:34 PM | 
Parameter name: key
12/9/2020 3:47:34 PM | 
LastTrace : openElement.Tools.Picture.CloseBitmap(ElementBase element)
12/9/2020 3:47:34 PM | 
Params : 
12/9/2020 3:47:34 PM | 
MethodeName : Int32 FindEntry(TKey)
12/9/2020 3:47:34 PM | 
Stamp : 12/9/2020 3:47:34 PM
12/9/2020 3:47:34 PM | 
OSFullName : Microsoft Windows 7 Ultimate 
12/9/2020 3:47:34 PM | 
AvailablePhysicalMemory : 5.66 Go 
12/9/2020 3:47:34 PM | 
TotalPhysicalMemory : 8 Go 
12/9/2020 3:47:34 PM | 
AvailableVirtualMemory : 2.94 Go 
12/9/2020 3:47:34 PM | 
TotalVirtualMemory : 4 Go 
12/9/2020 3:47:34 PM | 
WorkingSet : 382.61 Mo 
12/9/2020 3:47:34 PM | 
PagedMemorySize : 327.94 Mo 
12/9/2020 3:47:34 PM | 
TotalMemory : 71.93 Mo 
12/9/2020 3:47:34 PM | 

12/9/2020 3:47:34 PM | 
ExTrace : 
12/9/2020 3:47:34 PM | 
at openElement.Tools.Picture.CloseBitmap(ElementBase element) in C:\Users\Win7Dev64\Source\Workspaces\openElement\App\openElement\Tools\ToolsPicture.vb:line 197
12/9/2020 3:47:34 PM | 
at openElement.WebElement.Elements.ElementBase.RenderBefore() in C:\Users\Win7Dev64\Source\Workspaces\openElement\App\openElement\WebElement\Elements\ElementBase.Render.vb:line 32
12/9/2020 3:47:34 PM | 
at WebElement.Elements.Interactivity.WEScriptHidden.OnPageBeforeRender(EnuTypeRenderMode mode) in C:\Users\Win7Dev64\Source\Workspaces\openElement\App\Elements\WECommon\Interactivity\WEScriptHidden.vb:line 105
12/9/2020 3:47:34 PM | 
at openElement.WebElement.Page.Render(EnuTypeRenderMode mode, EnuIncludeCssType includeCss, Int32 count) in C:\Users\Win7Dev64\Source\Workspaces\openElement\App\openElement\WebElement\Page\PageRender.vb:line 95
12/9/2020 3:47:34 PM | 

12/9/2020 3:47:34 PM | 
OETrace : 
12/9/2020 3:47:34 PM | 
at openElement.WebElement.Page.Render(EnuTypeRenderMode mode, EnuIncludeCssType includeCss, Int32 count) in C:\Users\Win7Dev64\Source\Workspaces\openElement\App\openElement\WebElement\Page\PageRender.vb:line 103
12/9/2020 3:47:34 PM | 
at openElement.WebElement.Page.RenderToFile(String filePath, EnuTypeRenderMode mode, EnuIncludeCssType includeCss, Int32 count) in C:\Users\Win7Dev64\Source\Workspaces\openElement\App\openElement\WebElement\Page\PageRender.vb:line 24
12/9/2020 3:47:34 PM | 
at openElement.Forms.FrmPageEdit.LoadEditor() in C:\Users\Win7Dev64\Source\Workspaces\openElement\App\openElement\Form\Page\FrmPageEdit.vb:line 525
12/9/2020 3:47:34 PM | 
at openElement.Forms.FrmPageEdit.ReloadEditor(EnuEditorType editType) in C:\Users\Win7Dev64\Source\Workspaces\openElement\App\openElement\Form\Page\FrmPageEdit.vb:line 440
12/9/2020 3:47:34 PM | 
at openElement.Forms.FrmPageEdit.ReloadCurrentEditor() in C:\Users\Win7Dev64\Source\Workspaces\openElement\App\openElement\Form\Page\FrmPageEdit.vb:line 414
12/9/2020 3:47:34 PM | 
at openElement.Forms.FrmPageEdit.UpdateMediaEdit() in C:\Users\Win7Dev64\Source\Workspaces\openElement\App\openElement\Form\Page\FrmPageEdit.vb:line 146
12/9/2020 3:47:34 PM | 
at openElement.WebElement.StylesManager.StylesUtils.UILoadCurrentStyles() in C:\Users\Win7Dev64\Source\Workspaces\openElement\App\openElement\WebElement\StylesManager\StylesUtils.vb:line 827
12/9/2020 3:47:34 PM | 
at openElement.Forms.RibbonCore.RPPage.PMMediaQueries.MenuItemDown(Object sender, ItemClickEventArgs e) in C:\Users\Win7Dev64\Source\Workspaces\openElement\App\openElement\Form\Main\RibbonItemCore\Page\PM\PMMediaQueries.vb:line 72
12/9/2020 3:47:34 PM | 
at openElement.My.MyApplication.Main(String[] Args) in :line 82
12/9/2020 3:47:34 PM | 

12/9/2020 3:47:34 PM | 
------------------
12/9/2020 3:47:34 PM | 
12/9/2020 3:47:34 PM | 
Message : Object reference not set to an instance of an object.
12/9/2020 3:47:34 PM | 
LastTrace : openElement.WebElement.Page.get_XBody()
12/9/2020 3:47:34 PM | 
Params : 
12/9/2020 3:47:34 PM | 
MethodeName : openElement.Elements.PageXbody get_XBody()
12/9/2020 3:47:34 PM | 
Stamp : 12/9/2020 3:47:34 PM
12/9/2020 3:47:34 PM | 
OSFullName : Microsoft Windows 7 Ultimate 
12/9/2020 3:47:34 PM | 
AvailablePhysicalMemory : 5.66 Go 
12/9/2020 3:47:34 PM | 
TotalPhysicalMemory : 8 Go 
12/9/2020 3:47:34 PM | 
AvailableVirtualMemory : 2.94 Go 
12/9/2020 3:47:34 PM | 
TotalVirtualMemory : 4 Go 
12/9/2020 3:47:34 PM | 
WorkingSet : 382.66 Mo 
12/9/2020 3:47:34 PM | 
PagedMemorySize : 327.98 Mo 
12/9/2020 3:47:34 PM | 
TotalMemory : 73.28 Mo 
12/9/2020 3:47:34 PM | 

12/9/2020 3:47:34 PM | 
ExTrace : 
12/9/2020 3:47:34 PM | 
at openElement.WebElement.Page.get_XBody() in C:\Users\Win7Dev64\Source\Workspaces\openElement\App\openElement\WebElement\Page\Page.vb:line 551
12/9/2020 3:47:34 PM | 
at openElement.WebElement.Page.GetTypeResizeClass(Page startPage) in C:\Users\Win7Dev64\Source\Workspaces\openElement\App\openElement\WebElement\Page\Page.vb:line 959
12/9/2020 3:47:34 PM | 
at openElement.WebElement.Page.GetTypeResizeClass(Page startPage) in C:\Users\Win7Dev64\Source\Workspaces\openElement\App\openElement\WebElement\Page\Page.vb:line 968
12/9/2020 3:47:34 PM | 
at openElement.WebElement.Page.GetTypeResizeClass(Page startPage) in C:\Users\Win7Dev64\Source\Workspaces\openElement\App\openElement\WebElement\Page\Page.vb:line 968
12/9/2020 3:47:34 PM | 
at openElement.WebElement.Page.GetBodyClass() in C:\Users\Win7Dev64\Source\Workspaces\openElement\App\openElement\WebElement\Page\Page.vb:line 950
12/9/2020 3:47:34 PM | 
at openElement.WebElement.Page.Render(EnuTypeRenderMode mode, EnuIncludeCssType includeCss, Int32 count) in C:\Users\Win7Dev64\Source\Workspaces\openElement\App\openElement\WebElement\Page\PageRender.vb:line 228
12/9/2020 3:47:34 PM | 

12/9/2020 3:47:34 PM | 
OETrace : 
12/9/2020 3:47:34 PM | 
at openElement.WebElement.Page.Render(EnuTypeRenderMode mode, EnuIncludeCssType includeCss, Int32 count) in C:\Users\Win7Dev64\Source\Workspaces\openElement\App\openElement\WebElement\Page\PageRender.vb:line 288
12/9/2020 3:47:34 PM | 
at openElement.WebElement.Page.RenderToFile(String filePath, EnuTypeRenderMode mode, EnuIncludeCssType includeCss, Int32 count) in C:\Users\Win7Dev64\Source\Workspaces\openElement\App\openElement\WebElement\Page\PageRender.vb:line 24
12/9/2020 3:47:34 PM | 
at openElement.Forms.FrmPageEdit.LoadEditor() in C:\Users\Win7Dev64\Source\Workspaces\openElement\App\openElement\Form\Page\FrmPageEdit.vb:line 525
12/9/2020 3:47:34 PM | 
at openElement.Forms.FrmPageEdit.ReloadEditor(EnuEditorType editType) in C:\Users\Win7Dev64\Source\Workspaces\openElement\App\openElement\Form\Page\FrmPageEdit.vb:line 440
12/9/2020 3:47:34 PM | 
at openElement.Forms.FrmPageEdit.ReloadCurrentEditor() in C:\Users\Win7Dev64\Source\Workspaces\openElement\App\openElement\Form\Page\FrmPageEdit.vb:line 414
12/9/2020 3:47:34 PM | 
at openElement.Forms.FrmPageEdit.UpdateMediaEdit() in C:\Users\Win7Dev64\Source\Workspaces\openElement\App\openElement\Form\Page\FrmPageEdit.vb:line 146
12/9/2020 3:47:34 PM | 
at openElement.WebElement.StylesManager.StylesUtils.UILoadCurrentStyles() in C:\Users\Win7Dev64\Source\Workspaces\openElement\App\openElement\WebElement\StylesManager\StylesUtils.vb:line 827
12/9/2020 3:47:34 PM | 
at openElement.Forms.RibbonCore.RPPage.PMMediaQueries.MenuItemDown(Object sender, ItemClickEventArgs e) in C:\Users\Win7Dev64\Source\Workspaces\openElement\App\openElement\Form\Main\RibbonItemCore\Page\PM\PMMediaQueries.vb:line 72
12/9/2020 3:47:34 PM | 
at openElement.My.MyApplication.Main(String[] Args) in :line 82
12/9/2020 3:47:34 PM | 

12/9/2020 3:47:34 PM | 
------------------
12/9/2020 3:47:49 PM | 
12/9/2020 3:47:49 PM | 
Message : Object reference not set to an instance of an object.
12/9/2020 3:47:49 PM | 
LastTrace : openElement.Forms.RibbonCore.RPPage.PMMediaQueries.MenuItemDown(Object sender, ItemClickEventArgs e)
12/9/2020 3:47:49 PM | 
Params : 
12/9/2020 3:47:49 PM | 
MethodeName : Void MenuItemDown(System.Object, DevExpress.XtraBars.ItemClickEventArgs)
12/9/2020 3:47:49 PM | 
Stamp : 12/9/2020 3:47:49 PM
12/9/2020 3:47:49 PM | 
OSFullName : Microsoft Windows 7 Ultimate 
12/9/2020 3:47:49 PM | 
AvailablePhysicalMemory : 5.69 Go 
12/9/2020 3:47:49 PM | 
TotalPhysicalMemory : 8 Go 
12/9/2020 3:47:49 PM | 
AvailableVirtualMemory : 3 Go 
12/9/2020 3:47:49 PM | 
TotalVirtualMemory : 4 Go 
12/9/2020 3:47:49 PM | 
WorkingSet : 348.58 Mo 
12/9/2020 3:47:49 PM | 
PagedMemorySize : 293.5 Mo 
12/9/2020 3:47:49 PM | 
TotalMemory : 34.51 Mo 
12/9/2020 3:47:49 PM | 

12/9/2020 3:47:49 PM | 
ExTrace : 
12/9/2020 3:47:49 PM | 
at openElement.Forms.RibbonCore.RPPage.PMMediaQueries.MenuItemDown(Object sender, ItemClickEventArgs e) in C:\Users\Win7Dev64\Source\Workspaces\openElement\App\openElement\Form\Main\RibbonItemCore\Page\PM\PMMediaQueries.vb:line 69
12/9/2020 3:47:49 PM | 

12/9/2020 3:47:49 PM | 
OETrace : 
12/9/2020 3:47:49 PM | 
at openElement.My.MyApplication.MyApplication_UnhandledException(Object sender, UnhandledExceptionEventArgs e) in C:\Users\Win7Dev64\Source\Workspaces\openElement\App\openElement\ApplicationEvents.vb:line 93
12/9/2020 3:47:49 PM | 
at openElement.My.MyApplication.Main(String[] Args) in :line 82
12/9/2020 3:47:49 PM | 

12/9/2020 3:47:49 PM | 
------------------
12/9/2020 3:47:52 PM | 
12/9/2020 3:47:52 PM | 
Message : Object reference not set to an instance of an object.
12/9/2020 3:47:52 PM | 
LastTrace : openElement.Forms.RibbonCore.RPPage.PMMediaQueries.MenuItemDown(Object sender, ItemClickEventArgs e)
12/9/2020 3:47:52 PM | 
Params : 
12/9/2020 3:47:52 PM | 
MethodeName : Void MenuItemDown(System.Object, DevExpress.XtraBars.ItemClickEventArgs)
12/9/2020 3:47:52 PM | 
Stamp : 12/9/2020 3:47:52 PM
12/9/2020 3:47:52 PM | 
OSFullName : Microsoft Windows 7 Ultimate 
12/9/2020 3:47:52 PM | 
AvailablePhysicalMemory : 5.69 Go 
12/9/2020 3:47:52 PM | 
TotalPhysicalMemory : 8 Go 
12/9/2020 3:47:52 PM | 
AvailableVirtualMemory : 3 Go 
12/9/2020 3:47:52 PM | 
TotalVirtualMemory : 4 Go 
12/9/2020 3:47:52 PM | 
WorkingSet : 346.6 Mo 
12/9/2020 3:47:52 PM | 
PagedMemorySize : 291.7 Mo 
12/9/2020 3:47:52 PM | 
TotalMemory : 33.93 Mo 
12/9/2020 3:47:52 PM | 

12/9/2020 3:47:52 PM | 
ExTrace : 
12/9/2020 3:47:52 PM | 
at openElement.Forms.RibbonCore.RPPage.PMMediaQueries.MenuItemDown(Object sender, ItemClickEventArgs e) in C:\Users\Win7Dev64\Source\Workspaces\openElement\App\openElement\Form\Main\RibbonItemCore\Page\PM\PMMediaQueries.vb:line 69
12/9/2020 3:47:52 PM | 

12/9/2020 3:47:52 PM | 
OETrace : 
12/9/2020 3:47:52 PM | 
at openElement.My.MyApplication.MyApplication_UnhandledException(Object sender, UnhandledExceptionEventArgs e) in C:\Users\Win7Dev64\Source\Workspaces\openElement\App\openElement\ApplicationEvents.vb:line 98
12/9/2020 3:47:52 PM | 
at openElement.My.MyApplication.Main(String[] Args) in :line 82
12/9/2020 3:47:52 PM | 

12/9/2020 3:47:52 PM | 
------------------
21/12/2020 02:03:30 p. m. | 
21/12/2020 02:03:30 p. m. | 
Message : Script timed out
21/12/2020 02:03:30 p. m. | 
LastTrace : openElement.CtlBrowser._InvokeScriptWaitResult(Object[] args)
21/12/2020 02:03:30 p. m. | 
Params : 
21/12/2020 02:03:30 p. m. | 
MethodeName : gcroot<System::Object ^>* CefSharp.ScriptCore.Evaluate(CefSharp.ScriptCore*, gcroot<System::Object ^>*, CefRefPtr<CefBrowser>*, CefStringBase<CefStringTraitsUTF16>*, Double)
21/12/2020 02:03:30 p. m. | 
Stamp : 21/12/2020 02:03:30 p. m.
21/12/2020 02:03:30 p. m. | 
OSFullName : Microsoft Windows 10 Pro
21/12/2020 02:03:30 p. m. | 
AvailablePhysicalMemory : 22.54 Go 
21/12/2020 02:03:30 p. m. | 
TotalPhysicalMemory : 31.95 Go 
21/12/2020 02:03:30 p. m. | 
AvailableVirtualMemory : 3.03 Go 
21/12/2020 02:03:30 p. m. | 
TotalVirtualMemory : 4 Go 
21/12/2020 02:03:30 p. m. | 
WorkingSet : 362.8 Mo 
21/12/2020 02:03:30 p. m. | 
PagedMemorySize : 284.94 Mo 
21/12/2020 02:03:30 p. m. | 
TotalMemory : 58.45 Mo 
21/12/2020 02:03:30 p. m. | 

21/12/2020 02:03:30 p. m. | 
ExTrace : 
21/12/2020 02:03:30 p. m. | 
en openElement.CtlBrowser._InvokeScriptWaitResult(Object[] args) en C:\Users\Win7Dev64\Source\Workspaces\openElement\App\openElement\Control\CtlBrowser.vb:línea 546
21/12/2020 02:03:30 p. m. | 

21/12/2020 02:03:30 p. m. | 
OETrace : 
21/12/2020 02:03:30 p. m. | 
en openElement.CtlBrowser._InvokeScriptWaitResult(Object[] args) en C:\Users\Win7Dev64\Source\Workspaces\openElement\App\openElement\Control\CtlBrowser.vb:línea 549
21/12/2020 02:03:30 p. m. | 
en openElement.CtlBrowser._Lambda$__R98-2(Object a0)
21/12/2020 02:03:30 p. m. | 

21/12/2020 02:03:30 p. m. | 
------------------
